<?xml version="1.0" encoding="UTF-8"?>
<!-- Generated by org.testng.reporters.JUnitXMLReporter -->
<testsuite ignored="4" hostname="DESKTOP-5IFLL34" failures="0" tests="2" name="Test" time="0.223" errors="0" timestamp="2023-01-26T19:13:10 IST">
  <testcase classname="Generic_Utility.BaseClass" name="@BeforeClass BC" time="-1.674740590116E9">
    <failure type="org.testng.TestNGException" message="
Parameter &amp;apos;BROWSER&amp;apos; is required by BeforeClass on method BC but has not been marked @Optional or defined
in D:\Users\Animesh\ecplise-workspace3\VTiger\BatchExecution1testng.xml">
      <![CDATA[org.testng.TestNGException: 
Parameter 'BROWSER' is required by BeforeClass on method BC but has not been marked @Optional or defined
in D:\Users\Animesh\ecplise-workspace3\VTiger\BatchExecution1testng.xml
at java.base/java.util.ArrayList.forEach(ArrayList.java:1511)
... Removed 22 stack frames]]>
    </failure>
  </testcase> <!-- @BeforeClass BC -->
  <testcase classname="Generic_Utility.BaseClass" name="@BeforeMethod BM" time="0.0">
    <skipped/>
  </testcase> <!-- @BeforeMethod BM -->
  <testcase classname="Generic_Utility.BaseClass" name="@AfterMethod AM" time="0.0">
    <skipped/>
  </testcase> <!-- @AfterMethod AM -->
  <testcase classname="Generic_Utility.BaseClass" name="@AfterClass AC" time="0.0">
    <skipped/>
  </testcase> <!-- @AfterClass AC -->
  <testcase classname="Generic_Utility.BaseClass" name="@BeforeClass BC" time="-1.674740590238E9">
    <failure type="org.testng.TestNGException" message="
Parameter &amp;apos;BROWSER&amp;apos; is required by BeforeClass on method BC but has not been marked @Optional or defined
in D:\Users\Animesh\ecplise-workspace3\VTiger\BatchExecution1testng.xml">
      <![CDATA[org.testng.TestNGException: 
Parameter 'BROWSER' is required by BeforeClass on method BC but has not been marked @Optional or defined
in D:\Users\Animesh\ecplise-workspace3\VTiger\BatchExecution1testng.xml
at java.base/java.util.ArrayList.forEach(ArrayList.java:1511)
... Removed 22 stack frames]]>
    </failure>
  </testcase> <!-- @BeforeClass BC -->
  <testcase classname="Generic_Utility.BaseClass" name="@BeforeMethod BM" time="0.0">
    <skipped/>
  </testcase> <!-- @BeforeMethod BM -->
  <testcase classname="Generic_Utility.BaseClass" name="@AfterMethod AM" time="0.0">
    <skipped/>
  </testcase> <!-- @AfterMethod AM -->
  <testcase classname="Generic_Utility.BaseClass" name="@AfterClass AC" time="0.0">
    <skipped/>
  </testcase> <!-- @AfterClass AC -->
  <testcase classname="product.CreateProductDemoTest" name="CreateProductDemoTest" time="0.0">
    <skipped/>
  </testcase> <!-- CreateProductDemoTest -->
  <testcase classname="campaign.CreateCampaignDemoTest" name="CreateCampaignDemoTest" time="0.0">
    <skipped/>
  </testcase> <!-- CreateCampaignDemoTest -->
  <testcase classname="Generic_Utility.BaseClass" name="@BeforeSuite BS" time="0.0">
    <ignored/>
  </testcase> <!-- @BeforeSuite BS -->
  <testcase classname="Generic_Utility.BaseClass" name="@BeforeTest BT" time="0.0">
    <ignored/>
  </testcase> <!-- @BeforeTest BT -->
  <testcase classname="Generic_Utility.BaseClass" name="@AfterSuite AS" time="0.0">
    <ignored/>
  </testcase> <!-- @AfterSuite AS -->
  <testcase classname="Generic_Utility.BaseClass" name="@AfterTest AT" time="0.0">
    <ignored/>
  </testcase> <!-- @AfterTest AT -->
</testsuite> <!-- Test -->
